#2026 05 13 05:19:29.426#Z#DEBUG#372295c2-4e8b-11f1-ae6e-eeee0a826f07.InventoryManagement-db-deployer#flowable-async-job-executor-thread-32825#
[PollStageAppStatusExecution] 75cfa86a-be0d-4056-8678-6225aab05d4a [2026-05-13T05:19:00.525207] Updated app with guid 75cfa86a-be0d-4056-8678-6225aab05d4a ({"lifecycle"=>{"data"=>{"buildpacks"=>["nodejs_buildpack"]}, "type"=>"buildpack"}}) (STDOUT, API)#
#2026 05 13 05:19:29.426#Z#DEBUG#372295c2-4e8b-11f1-ae6e-eeee0a826f07.InventoryManagement-db-deployer#flowable-async-job-executor-thread-32825#
[PollStageAppStatusExecution] 75cfa86a-be0d-4056-8678-6225aab05d4a [2026-05-13T05:19:00.616548] Updating process: "web" (STDOUT, API)#
#2026 05 13 05:19:29.426#Z#DEBUG#372295c2-4e8b-11f1-ae6e-eeee0a826f07.InventoryManagement-db-deployer#flowable-async-job-executor-thread-32825#
[PollStageAppStatusExecution] 75cfa86a-be0d-4056-8678-6225aab05d4a [2026-05-13T05:19:09.472251] Uploading app package for app with guid 75cfa86a-be0d-4056-8678-6225aab05d4a (STDOUT, API)#
#2026 05 13 05:19:29.426#Z#DEBUG#372295c2-4e8b-11f1-ae6e-eeee0a826f07.InventoryManagement-db-deployer#flowable-async-job-executor-thread-32825#
[PollStageAppStatusExecution] 75cfa86a-be0d-4056-8678-6225aab05d4a [2026-05-13T05:19:09.669257] Updated app with guid 75cfa86a-be0d-4056-8678-6225aab05d4a ({"environment_variables"=>"[PRIVATE DATA HIDDEN]"}) (STDOUT, API)#
#2026 05 13 05:19:29.426#Z#DEBUG#372295c2-4e8b-11f1-ae6e-eeee0a826f07.InventoryManagement-db-deployer#flowable-async-job-executor-thread-32825#
[PollStageAppStatusExecution] 75cfa86a-be0d-4056-8678-6225aab05d4a [2026-05-13T05:19:19.568502] Creating build for app with guid 75cfa86a-be0d-4056-8678-6225aab05d4a (STDOUT, API)#
#2026 05 13 05:19:29.426#Z#DEBUG#372295c2-4e8b-11f1-ae6e-eeee0a826f07.InventoryManagement-db-deployer#flowable-async-job-executor-thread-32825#
[PollStageAppStatusExecution] 75cfa86a-be0d-4056-8678-6225aab05d4a [2026-05-13T05:19:19.904590] Downloading nodejs_buildpack... (STDOUT, STG)#
#2026 05 13 05:19:29.426#Z#DEBUG#372295c2-4e8b-11f1-ae6e-eeee0a826f07.InventoryManagement-db-deployer#flowable-async-job-executor-thread-32825#
[PollStageAppStatusExecution] 75cfa86a-be0d-4056-8678-6225aab05d4a [2026-05-13T05:19:19.955996] Downloaded nodejs_buildpack (STDOUT, STG)#
#2026 05 13 05:19:29.426#Z#DEBUG#372295c2-4e8b-11f1-ae6e-eeee0a826f07.InventoryManagement-db-deployer#flowable-async-job-executor-thread-32825#
[PollStageAppStatusExecution] 75cfa86a-be0d-4056-8678-6225aab05d4a [2026-05-13T05:19:19.956095] Cell 684caff8-89cd-492b-be01-b3d0835f1763 creating container for instance 099e5c8d-1b70-41f0-a128-4ad637b8def7 (STDOUT, STG)#
#2026 05 13 05:19:29.426#Z#DEBUG#372295c2-4e8b-11f1-ae6e-eeee0a826f07.InventoryManagement-db-deployer#flowable-async-job-executor-thread-32825#
[PollStageAppStatusExecution] 75cfa86a-be0d-4056-8678-6225aab05d4a [2026-05-13T05:19:21.621163] Security group rules were updated (STDOUT, STG)#
#2026 05 13 05:19:29.426#Z#DEBUG#372295c2-4e8b-11f1-ae6e-eeee0a826f07.InventoryManagement-db-deployer#flowable-async-job-executor-thread-32825#
[PollStageAppStatusExecution] 75cfa86a-be0d-4056-8678-6225aab05d4a [2026-05-13T05:19:21.704875] Cell 684caff8-89cd-492b-be01-b3d0835f1763 successfully created container for instance 099e5c8d-1b70-41f0-a128-4ad637b8def7 (STDOUT, STG)#
#2026 05 13 05:19:29.426#Z#DEBUG#372295c2-4e8b-11f1-ae6e-eeee0a826f07.InventoryManagement-db-deployer#flowable-async-job-executor-thread-32825#
[PollStageAppStatusExecution] 75cfa86a-be0d-4056-8678-6225aab05d4a [2026-05-13T05:19:22.833810] Downloading app package... (STDOUT, STG)#
#2026 05 13 05:19:29.426#Z#DEBUG#372295c2-4e8b-11f1-ae6e-eeee0a826f07.InventoryManagement-db-deployer#flowable-async-job-executor-thread-32825#
[PollStageAppStatusExecution] 75cfa86a-be0d-4056-8678-6225aab05d4a [2026-05-13T05:19:22.834429] Downloading build artifacts cache... (STDOUT, STG)#
#2026 05 13 05:19:29.426#Z#DEBUG#372295c2-4e8b-11f1-ae6e-eeee0a826f07.InventoryManagement-db-deployer#flowable-async-job-executor-thread-32825#
[PollStageAppStatusExecution] 75cfa86a-be0d-4056-8678-6225aab05d4a [2026-05-13T05:19:22.952118] Downloaded build artifacts cache (228B) (STDOUT, STG)#
#2026 05 13 05:19:29.426#Z#DEBUG#372295c2-4e8b-11f1-ae6e-eeee0a826f07.InventoryManagement-db-deployer#flowable-async-job-executor-thread-32825#
[PollStageAppStatusExecution] 75cfa86a-be0d-4056-8678-6225aab05d4a [2026-05-13T05:19:23.411744] Downloaded app package (2.3M) (STDOUT, STG)#
#2026 05 13 05:19:29.426#Z#DEBUG#372295c2-4e8b-11f1-ae6e-eeee0a826f07.InventoryManagement-db-deployer#flowable-async-job-executor-thread-32825#
[PollStageAppStatusExecution] 75cfa86a-be0d-4056-8678-6225aab05d4a [2026-05-13T05:19:23.558564] -----> Nodejs Buildpack version 1.8.44 (STDOUT, STG)#
#2026 05 13 05:19:29.426#Z#DEBUG#372295c2-4e8b-11f1-ae6e-eeee0a826f07.InventoryManagement-db-deployer#flowable-async-job-executor-thread-32825#
[PollStageAppStatusExecution] 75cfa86a-be0d-4056-8678-6225aab05d4a [2026-05-13T05:19:23.706412] -----> Bootstrapping python (STDOUT, STG)#
#2026 05 13 05:19:29.426#Z#DEBUG#372295c2-4e8b-11f1-ae6e-eeee0a826f07.InventoryManagement-db-deployer#flowable-async-job-executor-thread-32825#
[PollStageAppStatusExecution] 75cfa86a-be0d-4056-8678-6225aab05d4a [2026-05-13T05:19:23.706442] -----> Installing python 3.11.14 (STDOUT, STG)#
#2026 05 13 05:19:29.426#Z#DEBUG#372295c2-4e8b-11f1-ae6e-eeee0a826f07.InventoryManagement-db-deployer#flowable-async-job-executor-thread-32825#
[PollStageAppStatusExecution] 75cfa86a-be0d-4056-8678-6225aab05d4a [2026-05-13T05:19:23.706447] Copy [/tmp/buildpacks/978cee5ec9c58000/dependencies/b5e0345ae0ae1932e7d56fffaa49a487/python_3.11.14_linux_x64_cflinuxfs4_66f53248.tgz] (STDOUT, STG)#
#2026 05 13 05:19:29.426#Z#DEBUG#372295c2-4e8b-11f1-ae6e-eeee0a826f07.InventoryManagement-db-deployer#flowable-async-job-executor-thread-32825#
[PollStageAppStatusExecution] 75cfa86a-be0d-4056-8678-6225aab05d4a [2026-05-13T05:19:28.176584] -----> Installing binaries (STDOUT, STG)#
#2026 05 13 05:19:29.426#Z#DEBUG#372295c2-4e8b-11f1-ae6e-eeee0a826f07.InventoryManagement-db-deployer#flowable-async-job-executor-thread-32825#
[PollStageAppStatusExecution] 75cfa86a-be0d-4056-8678-6225aab05d4a [2026-05-13T05:19:28.176899] engines.node (package.json): >=18 (STDOUT, STG)#
#2026 05 13 05:19:29.426#Z#DEBUG#372295c2-4e8b-11f1-ae6e-eeee0a826f07.InventoryManagement-db-deployer#flowable-async-job-executor-thread-32825#
[PollStageAppStatusExecution] 75cfa86a-be0d-4056-8678-6225aab05d4a [2026-05-13T05:19:28.176917] engines.npm (package.json): unspecified (use default) (STDOUT, STG)#
#2026 05 13 05:19:29.426#Z#DEBUG#372295c2-4e8b-11f1-ae6e-eeee0a826f07.InventoryManagement-db-deployer#flowable-async-job-executor-thread-32825#
[PollStageAppStatusExecution] 75cfa86a-be0d-4056-8678-6225aab05d4a [2026-05-13T05:19:28.176922] [31;1m**WARNING**[0m Dangerous semver range (>) in engines.node. See: http://docs.cloudfoundry.org/buildpacks/node/node-tips.html (STDOUT, STG)#
#2026 05 13 05:19:29.426#Z#DEBUG#372295c2-4e8b-11f1-ae6e-eeee0a826f07.InventoryManagement-db-deployer#flowable-async-job-executor-thread-32825#
[PollStageAppStatusExecution] 75cfa86a-be0d-4056-8678-6225aab05d4a [2026-05-13T05:19:28.177020] -----> Installing node 24.13.0 (STDOUT, STG)#
#2026 05 13 05:19:29.426#Z#DEBUG#372295c2-4e8b-11f1-ae6e-eeee0a826f07.InventoryManagement-db-deployer#flowable-async-job-executor-thread-32825#
[PollStageAppStatusExecution] 75cfa86a-be0d-4056-8678-6225aab05d4a [2026-05-13T05:19:28.177236] Copy [/tmp/buildpacks/978cee5ec9c58000/dependencies/2f5692219fecc3eee6e6d507a6bfe7b9/node_24.13.0_linux_x64_cflinuxfs4_a816dee1.tgz] (STDOUT, STG)#
#2026 05 13 05:19:39.393#Z#DEBUG#372295c2-4e8b-11f1-ae6e-eeee0a826f07.InventoryManagement-db-deployer#flowable-async-job-executor-thread-50188#
[PollStageAppStatusExecution] 75cfa86a-be0d-4056-8678-6225aab05d4a [2026-05-13T05:19:30.840099] Using default npm version: 11.6.2 (STDOUT, STG)#
#2026 05 13 05:19:39.393#Z#DEBUG#372295c2-4e8b-11f1-ae6e-eeee0a826f07.InventoryManagement-db-deployer#flowable-async-job-executor-thread-50188#
[PollStageAppStatusExecution] 75cfa86a-be0d-4056-8678-6225aab05d4a [2026-05-13T05:19:30.840127] -----> Installing yarn 1.22.22 (STDOUT, STG)#
#2026 05 13 05:19:39.393#Z#DEBUG#372295c2-4e8b-11f1-ae6e-eeee0a826f07.InventoryManagement-db-deployer#flowable-async-job-executor-thread-50188#
[PollStageAppStatusExecution] 75cfa86a-be0d-4056-8678-6225aab05d4a [2026-05-13T05:19:30.840400] Copy [/tmp/buildpacks/978cee5ec9c58000/dependencies/e3a39aedd1236924d69cc2d0637a8ed2/yarn_1.22.22_linux_noarch_any-stack_4911d0a6.tgz] (STDOUT, STG)#
#2026 05 13 05:19:39.393#Z#DEBUG#372295c2-4e8b-11f1-ae6e-eeee0a826f07.InventoryManagement-db-deployer#flowable-async-job-executor-thread-50188#
[PollStageAppStatusExecution] 75cfa86a-be0d-4056-8678-6225aab05d4a [2026-05-13T05:19:31.230960] Installed yarn 1.22.22 (STDOUT, STG)#
#2026 05 13 05:19:39.393#Z#DEBUG#372295c2-4e8b-11f1-ae6e-eeee0a826f07.InventoryManagement-db-deployer#flowable-async-job-executor-thread-50188#
[PollStageAppStatusExecution] 75cfa86a-be0d-4056-8678-6225aab05d4a [2026-05-13T05:19:31.230999] -----> Creating runtime environment (STDOUT, STG)#
#2026 05 13 05:19:39.393#Z#DEBUG#372295c2-4e8b-11f1-ae6e-eeee0a826f07.InventoryManagement-db-deployer#flowable-async-job-executor-thread-50188#
[PollStageAppStatusExecution] 75cfa86a-be0d-4056-8678-6225aab05d4a [2026-05-13T05:19:31.233664] NODE_ENV=production (STDOUT, STG)#
#2026 05 13 05:19:39.393#Z#DEBUG#372295c2-4e8b-11f1-ae6e-eeee0a826f07.InventoryManagement-db-deployer#flowable-async-job-executor-thread-50188#
[PollStageAppStatusExecution] 75cfa86a-be0d-4056-8678-6225aab05d4a [2026-05-13T05:19:31.233681] NODE_HOME=/tmp/contents1032615033/deps/0/node (STDOUT, STG)#
#2026 05 13 05:19:39.393#Z#DEBUG#372295c2-4e8b-11f1-ae6e-eeee0a826f07.InventoryManagement-db-deployer#flowable-async-job-executor-thread-50188#
[PollStageAppStatusExecution] 75cfa86a-be0d-4056-8678-6225aab05d4a [2026-05-13T05:19:31.233684] NODE_MODULES_CACHE=true (STDOUT, STG)#
#2026 05 13 05:19:39.393#Z#DEBUG#372295c2-4e8b-11f1-ae6e-eeee0a826f07.InventoryManagement-db-deployer#flowable-async-job-executor-thread-50188#
[PollStageAppStatusExecution] 75cfa86a-be0d-4056-8678-6225aab05d4a [2026-05-13T05:19:31.233701] NODE_VERBOSE=false (STDOUT, STG)#
#2026 05 13 05:19:39.393#Z#DEBUG#372295c2-4e8b-11f1-ae6e-eeee0a826f07.InventoryManagement-db-deployer#flowable-async-job-executor-thread-50188#
[PollStageAppStatusExecution] 75cfa86a-be0d-4056-8678-6225aab05d4a [2026-05-13T05:19:31.233794] NPM_CONFIG_LOGLEVEL=error (STDOUT, STG)#
#2026 05 13 05:19:39.393#Z#DEBUG#372295c2-4e8b-11f1-ae6e-eeee0a826f07.InventoryManagement-db-deployer#flowable-async-job-executor-thread-50188#
[PollStageAppStatusExecution] 75cfa86a-be0d-4056-8678-6225aab05d4a [2026-05-13T05:19:31.233881] NPM_CONFIG_PRODUCTION=true (STDOUT, STG)#
#2026 05 13 05:19:39.393#Z#DEBUG#372295c2-4e8b-11f1-ae6e-eeee0a826f07.InventoryManagement-db-deployer#flowable-async-job-executor-thread-50188#
[PollStageAppStatusExecution] 75cfa86a-be0d-4056-8678-6225aab05d4a [2026-05-13T05:19:31.233968] -----> Building dependencies (STDOUT, STG)#
#2026 05 13 05:19:39.394#Z#DEBUG#372295c2-4e8b-11f1-ae6e-eeee0a826f07.InventoryManagement-db-deployer#flowable-async-job-executor-thread-50188#
[PollStageAppStatusExecution] 75cfa86a-be0d-4056-8678-6225aab05d4a [2026-05-13T05:19:31.234013] Prebuild detected (node_modules already exists) (STDOUT, STG)#
#2026 05 13 05:19:39.394#Z#DEBUG#372295c2-4e8b-11f1-ae6e-eeee0a826f07.InventoryManagement-db-deployer#flowable-async-job-executor-thread-50188#
[PollStageAppStatusExecution] 75cfa86a-be0d-4056-8678-6225aab05d4a [2026-05-13T05:19:31.234110] Rebuilding any native modules (STDOUT, STG)#
#2026 05 13 05:19:39.394#Z#DEBUG#372295c2-4e8b-11f1-ae6e-eeee0a826f07.InventoryManagement-db-deployer#flowable-async-job-executor-thread-50188#
[PollStageAppStatusExecution] 75cfa86a-be0d-4056-8678-6225aab05d4a [2026-05-13T05:19:31.824097] rebuilt dependencies successfully (STDOUT, STG)#
#2026 05 13 05:19:39.394#Z#DEBUG#372295c2-4e8b-11f1-ae6e-eeee0a826f07.InventoryManagement-db-deployer#flowable-async-job-executor-thread-50188#
[PollStageAppStatusExecution] 75cfa86a-be0d-4056-8678-6225aab05d4a [2026-05-13T05:19:31.907118] Installing any new modules (package.json + package-lock.json) (STDOUT, STG)#
#2026 05 13 05:19:39.394#Z#DEBUG#372295c2-4e8b-11f1-ae6e-eeee0a826f07.InventoryManagement-db-deployer#flowable-async-job-executor-thread-50188#
[PollStageAppStatusExecution] 75cfa86a-be0d-4056-8678-6225aab05d4a [2026-05-13T05:19:32.461569] up to date in 472ms (STDOUT, STG)#
#2026 05 13 05:19:39.394#Z#DEBUG#372295c2-4e8b-11f1-ae6e-eeee0a826f07.InventoryManagement-db-deployer#flowable-async-job-executor-thread-50188#
[PollStageAppStatusExecution] 75cfa86a-be0d-4056-8678-6225aab05d4a [2026-05-13T05:19:32.462008] 4 packages are looking for funding (STDOUT, STG)#
#2026 05 13 05:19:39.394#Z#DEBUG#372295c2-4e8b-11f1-ae6e-eeee0a826f07.InventoryManagement-db-deployer#flowable-async-job-executor-thread-50188#
[PollStageAppStatusExecution] 75cfa86a-be0d-4056-8678-6225aab05d4a [2026-05-13T05:19:32.462220] run `npm fund` for details (STDOUT, STG)#
#2026 05 13 05:19:39.394#Z#DEBUG#372295c2-4e8b-11f1-ae6e-eeee0a826f07.InventoryManagement-db-deployer#flowable-async-job-executor-thread-50188#
[PollStageAppStatusExecution] 75cfa86a-be0d-4056-8678-6225aab05d4a [2026-05-13T05:19:33.008901] Contrast Security no credentials found. Will not write environment files. (STDOUT, STG)#
#2026 05 13 05:19:49.463#Z#DEBUG#372295c2-4e8b-11f1-ae6e-eeee0a826f07.InventoryManagement-db-deployer#flowable-async-job-executor-thread-50192#
[PollStageAppStatusExecution] 75cfa86a-be0d-4056-8678-6225aab05d4a [2026-05-13T05:19:42.186070] Exit status 0 (STDOUT, STG)#
#2026 05 13 05:19:49.463#Z#DEBUG#372295c2-4e8b-11f1-ae6e-eeee0a826f07.InventoryManagement-db-deployer#flowable-async-job-executor-thread-50192#
[PollStageAppStatusExecution] 75cfa86a-be0d-4056-8678-6225aab05d4a [2026-05-13T05:19:42.186145] Uploading droplet, build artifacts cache... (STDOUT, STG)#
#2026 05 13 05:19:49.463#Z#DEBUG#372295c2-4e8b-11f1-ae6e-eeee0a826f07.InventoryManagement-db-deployer#flowable-async-job-executor-thread-50192#
[PollStageAppStatusExecution] 75cfa86a-be0d-4056-8678-6225aab05d4a [2026-05-13T05:19:42.186189] Uploading droplet... (STDOUT, STG)#
#2026 05 13 05:19:49.463#Z#DEBUG#372295c2-4e8b-11f1-ae6e-eeee0a826f07.InventoryManagement-db-deployer#flowable-async-job-executor-thread-50192#
[PollStageAppStatusExecution] 75cfa86a-be0d-4056-8678-6225aab05d4a [2026-05-13T05:19:42.186281] Uploading build artifacts cache... (STDOUT, STG)#
#2026 05 13 05:19:49.463#Z#DEBUG#372295c2-4e8b-11f1-ae6e-eeee0a826f07.InventoryManagement-db-deployer#flowable-async-job-executor-thread-50192#
[PollStageAppStatusExecution] 75cfa86a-be0d-4056-8678-6225aab05d4a [2026-05-13T05:19:42.211015] Uploaded build artifacts cache (228B) (STDOUT, STG)#
#2026 05 13 05:19:49.463#Z#DEBUG#372295c2-4e8b-11f1-ae6e-eeee0a826f07.InventoryManagement-db-deployer#flowable-async-job-executor-thread-50192#
[PollStageAppStatusExecution] 75cfa86a-be0d-4056-8678-6225aab05d4a [2026-05-13T05:19:43.041298] Creating droplet for app with guid 75cfa86a-be0d-4056-8678-6225aab05d4a (STDOUT, API)#
#2026 05 13 05:19:49.463#Z#DEBUG#372295c2-4e8b-11f1-ae6e-eeee0a826f07.InventoryManagement-db-deployer#flowable-async-job-executor-thread-50192#
[PollStageAppStatusExecution] 75cfa86a-be0d-4056-8678-6225aab05d4a [2026-05-13T05:19:47.107891] Uploaded droplet (58.4M) (STDOUT, STG)#
#2026 05 13 05:19:49.463#Z#DEBUG#372295c2-4e8b-11f1-ae6e-eeee0a826f07.InventoryManagement-db-deployer#flowable-async-job-executor-thread-50192#
[PollStageAppStatusExecution] 75cfa86a-be0d-4056-8678-6225aab05d4a [2026-05-13T05:19:47.129141] Uploading complete (STDOUT, STG)#
#2026 05 13 05:19:49.463#Z#DEBUG#372295c2-4e8b-11f1-ae6e-eeee0a826f07.InventoryManagement-db-deployer#flowable-async-job-executor-thread-50192#
[PollStageAppStatusExecution] 75cfa86a-be0d-4056-8678-6225aab05d4a [2026-05-13T05:19:48.650237] Cell 684caff8-89cd-492b-be01-b3d0835f1763 stopping instance 099e5c8d-1b70-41f0-a128-4ad637b8def7 (STDOUT, STG)#
#2026 05 13 05:19:49.463#Z#DEBUG#372295c2-4e8b-11f1-ae6e-eeee0a826f07.InventoryManagement-db-deployer#flowable-async-job-executor-thread-50192#
[PollStageAppStatusExecution] 75cfa86a-be0d-4056-8678-6225aab05d4a [2026-05-13T05:19:48.650270] Cell 684caff8-89cd-492b-be01-b3d0835f1763 destroying container for instance 099e5c8d-1b70-41f0-a128-4ad637b8def7 (STDOUT, STG)#
#2026 05 13 05:19:49.463#Z#DEBUG#372295c2-4e8b-11f1-ae6e-eeee0a826f07.InventoryManagement-db-deployer#flowable-async-job-executor-thread-50192#
[PollStageAppStatusExecution] 75cfa86a-be0d-4056-8678-6225aab05d4a [2026-05-13T05:19:48.697488] Staging complete for build 099e5c8d-1b70-41f0-a128-4ad637b8def7 (STDOUT, API)#
#2026 05 13 05:19:59.504#Z#DEBUG#372295c2-4e8b-11f1-ae6e-eeee0a826f07.InventoryManagement-db-deployer#flowable-async-job-executor-thread-50200#
[PollExecuteTaskStatusExecution] 75cfa86a-be0d-4056-8678-6225aab05d4a [2026-05-13T05:19:00.525207] Updated app with guid 75cfa86a-be0d-4056-8678-6225aab05d4a ({"lifecycle"=>{"data"=>{"buildpacks"=>["nodejs_buildpack"]}, "type"=>"buildpack"}}) (STDOUT, API)#
#2026 05 13 05:19:59.504#Z#DEBUG#372295c2-4e8b-11f1-ae6e-eeee0a826f07.InventoryManagement-db-deployer#flowable-async-job-executor-thread-50200#
[PollExecuteTaskStatusExecution] 75cfa86a-be0d-4056-8678-6225aab05d4a [2026-05-13T05:19:00.616548] Updating process: "web" (STDOUT, API)#
#2026 05 13 05:19:59.504#Z#DEBUG#372295c2-4e8b-11f1-ae6e-eeee0a826f07.InventoryManagement-db-deployer#flowable-async-job-executor-thread-50200#
[PollExecuteTaskStatusExecution] 75cfa86a-be0d-4056-8678-6225aab05d4a [2026-05-13T05:19:09.472251] Uploading app package for app with guid 75cfa86a-be0d-4056-8678-6225aab05d4a (STDOUT, API)#
#2026 05 13 05:19:59.504#Z#DEBUG#372295c2-4e8b-11f1-ae6e-eeee0a826f07.InventoryManagement-db-deployer#flowable-async-job-executor-thread-50200#
[PollExecuteTaskStatusExecution] 75cfa86a-be0d-4056-8678-6225aab05d4a [2026-05-13T05:19:09.669257] Updated app with guid 75cfa86a-be0d-4056-8678-6225aab05d4a ({"environment_variables"=>"[PRIVATE DATA HIDDEN]"}) (STDOUT, API)#
#2026 05 13 05:19:59.504#Z#DEBUG#372295c2-4e8b-11f1-ae6e-eeee0a826f07.InventoryManagement-db-deployer#flowable-async-job-executor-thread-50200#
[PollExecuteTaskStatusExecution] 75cfa86a-be0d-4056-8678-6225aab05d4a [2026-05-13T05:19:19.568502] Creating build for app with guid 75cfa86a-be0d-4056-8678-6225aab05d4a (STDOUT, API)#
#2026 05 13 05:19:59.504#Z#DEBUG#372295c2-4e8b-11f1-ae6e-eeee0a826f07.InventoryManagement-db-deployer#flowable-async-job-executor-thread-50200#
[PollExecuteTaskStatusExecution] 75cfa86a-be0d-4056-8678-6225aab05d4a [2026-05-13T05:19:19.904590] Downloading nodejs_buildpack... (STDOUT, STG)#
#2026 05 13 05:19:59.504#Z#DEBUG#372295c2-4e8b-11f1-ae6e-eeee0a826f07.InventoryManagement-db-deployer#flowable-async-job-executor-thread-50200#
[PollExecuteTaskStatusExecution] 75cfa86a-be0d-4056-8678-6225aab05d4a [2026-05-13T05:19:19.955996] Downloaded nodejs_buildpack (STDOUT, STG)#
#2026 05 13 05:19:59.504#Z#DEBUG#372295c2-4e8b-11f1-ae6e-eeee0a826f07.InventoryManagement-db-deployer#flowable-async-job-executor-thread-50200#
[PollExecuteTaskStatusExecution] 75cfa86a-be0d-4056-8678-6225aab05d4a [2026-05-13T05:19:19.956095] Cell 684caff8-89cd-492b-be01-b3d0835f1763 creating container for instance 099e5c8d-1b70-41f0-a128-4ad637b8def7 (STDOUT, STG)#
#2026 05 13 05:19:59.504#Z#DEBUG#372295c2-4e8b-11f1-ae6e-eeee0a826f07.InventoryManagement-db-deployer#flowable-async-job-executor-thread-50200#
[PollExecuteTaskStatusExecution] 75cfa86a-be0d-4056-8678-6225aab05d4a [2026-05-13T05:19:21.621163] Security group rules were updated (STDOUT, STG)#
#2026 05 13 05:19:59.504#Z#DEBUG#372295c2-4e8b-11f1-ae6e-eeee0a826f07.InventoryManagement-db-deployer#flowable-async-job-executor-thread-50200#
[PollExecuteTaskStatusExecution] 75cfa86a-be0d-4056-8678-6225aab05d4a [2026-05-13T05:19:21.704875] Cell 684caff8-89cd-492b-be01-b3d0835f1763 successfully created container for instance 099e5c8d-1b70-41f0-a128-4ad637b8def7 (STDOUT, STG)#
#2026 05 13 05:19:59.504#Z#DEBUG#372295c2-4e8b-11f1-ae6e-eeee0a826f07.InventoryManagement-db-deployer#flowable-async-job-executor-thread-50200#
[PollExecuteTaskStatusExecution] 75cfa86a-be0d-4056-8678-6225aab05d4a [2026-05-13T05:19:22.833810] Downloading app package... (STDOUT, STG)#
#2026 05 13 05:19:59.504#Z#DEBUG#372295c2-4e8b-11f1-ae6e-eeee0a826f07.InventoryManagement-db-deployer#flowable-async-job-executor-thread-50200#
[PollExecuteTaskStatusExecution] 75cfa86a-be0d-4056-8678-6225aab05d4a [2026-05-13T05:19:22.834429] Downloading build artifacts cache... (STDOUT, STG)#
#2026 05 13 05:19:59.504#Z#DEBUG#372295c2-4e8b-11f1-ae6e-eeee0a826f07.InventoryManagement-db-deployer#flowable-async-job-executor-thread-50200#
[PollExecuteTaskStatusExecution] 75cfa86a-be0d-4056-8678-6225aab05d4a [2026-05-13T05:19:22.952118] Downloaded build artifacts cache (228B) (STDOUT, STG)#
#2026 05 13 05:19:59.504#Z#DEBUG#372295c2-4e8b-11f1-ae6e-eeee0a826f07.InventoryManagement-db-deployer#flowable-async-job-executor-thread-50200#
[PollExecuteTaskStatusExecution] 75cfa86a-be0d-4056-8678-6225aab05d4a [2026-05-13T05:19:23.411744] Downloaded app package (2.3M) (STDOUT, STG)#
#2026 05 13 05:19:59.504#Z#DEBUG#372295c2-4e8b-11f1-ae6e-eeee0a826f07.InventoryManagement-db-deployer#flowable-async-job-executor-thread-50200#
[PollExecuteTaskStatusExecution] 75cfa86a-be0d-4056-8678-6225aab05d4a [2026-05-13T05:19:23.558564] -----> Nodejs Buildpack version 1.8.44 (STDOUT, STG)#
#2026 05 13 05:19:59.504#Z#DEBUG#372295c2-4e8b-11f1-ae6e-eeee0a826f07.InventoryManagement-db-deployer#flowable-async-job-executor-thread-50200#
[PollExecuteTaskStatusExecution] 75cfa86a-be0d-4056-8678-6225aab05d4a [2026-05-13T05:19:23.706412] -----> Bootstrapping python (STDOUT, STG)#
#2026 05 13 05:19:59.504#Z#DEBUG#372295c2-4e8b-11f1-ae6e-eeee0a826f07.InventoryManagement-db-deployer#flowable-async-job-executor-thread-50200#
[PollExecuteTaskStatusExecution] 75cfa86a-be0d-4056-8678-6225aab05d4a [2026-05-13T05:19:23.706442] -----> Installing python 3.11.14 (STDOUT, STG)#
#2026 05 13 05:19:59.504#Z#DEBUG#372295c2-4e8b-11f1-ae6e-eeee0a826f07.InventoryManagement-db-deployer#flowable-async-job-executor-thread-50200#
[PollExecuteTaskStatusExecution] 75cfa86a-be0d-4056-8678-6225aab05d4a [2026-05-13T05:19:23.706447] Copy [/tmp/buildpacks/978cee5ec9c58000/dependencies/b5e0345ae0ae1932e7d56fffaa49a487/python_3.11.14_linux_x64_cflinuxfs4_66f53248.tgz] (STDOUT, STG)#
#2026 05 13 05:19:59.504#Z#DEBUG#372295c2-4e8b-11f1-ae6e-eeee0a826f07.InventoryManagement-db-deployer#flowable-async-job-executor-thread-50200#
[PollExecuteTaskStatusExecution] 75cfa86a-be0d-4056-8678-6225aab05d4a [2026-05-13T05:19:28.176584] -----> Installing binaries (STDOUT, STG)#
#2026 05 13 05:19:59.504#Z#DEBUG#372295c2-4e8b-11f1-ae6e-eeee0a826f07.InventoryManagement-db-deployer#flowable-async-job-executor-thread-50200#
[PollExecuteTaskStatusExecution] 75cfa86a-be0d-4056-8678-6225aab05d4a [2026-05-13T05:19:28.176899] engines.node (package.json): >=18 (STDOUT, STG)#
#2026 05 13 05:19:59.504#Z#DEBUG#372295c2-4e8b-11f1-ae6e-eeee0a826f07.InventoryManagement-db-deployer#flowable-async-job-executor-thread-50200#
[PollExecuteTaskStatusExecution] 75cfa86a-be0d-4056-8678-6225aab05d4a [2026-05-13T05:19:28.176917] engines.npm (package.json): unspecified (use default) (STDOUT, STG)#
#2026 05 13 05:19:59.504#Z#DEBUG#372295c2-4e8b-11f1-ae6e-eeee0a826f07.InventoryManagement-db-deployer#flowable-async-job-executor-thread-50200#
[PollExecuteTaskStatusExecution] 75cfa86a-be0d-4056-8678-6225aab05d4a [2026-05-13T05:19:28.176922] [31;1m**WARNING**[0m Dangerous semver range (>) in engines.node. See: http://docs.cloudfoundry.org/buildpacks/node/node-tips.html (STDOUT, STG)#
#2026 05 13 05:19:59.504#Z#DEBUG#372295c2-4e8b-11f1-ae6e-eeee0a826f07.InventoryManagement-db-deployer#flowable-async-job-executor-thread-50200#
[PollExecuteTaskStatusExecution] 75cfa86a-be0d-4056-8678-6225aab05d4a [2026-05-13T05:19:28.177020] -----> Installing node 24.13.0 (STDOUT, STG)#
#2026 05 13 05:19:59.504#Z#DEBUG#372295c2-4e8b-11f1-ae6e-eeee0a826f07.InventoryManagement-db-deployer#flowable-async-job-executor-thread-50200#
[PollExecuteTaskStatusExecution] 75cfa86a-be0d-4056-8678-6225aab05d4a [2026-05-13T05:19:28.177236] Copy [/tmp/buildpacks/978cee5ec9c58000/dependencies/2f5692219fecc3eee6e6d507a6bfe7b9/node_24.13.0_linux_x64_cflinuxfs4_a816dee1.tgz] (STDOUT, STG)#
#2026 05 13 05:19:59.504#Z#DEBUG#372295c2-4e8b-11f1-ae6e-eeee0a826f07.InventoryManagement-db-deployer#flowable-async-job-executor-thread-50200#
[PollExecuteTaskStatusExecution] 75cfa86a-be0d-4056-8678-6225aab05d4a [2026-05-13T05:19:30.840099] Using default npm version: 11.6.2 (STDOUT, STG)#
#2026 05 13 05:19:59.504#Z#DEBUG#372295c2-4e8b-11f1-ae6e-eeee0a826f07.InventoryManagement-db-deployer#flowable-async-job-executor-thread-50200#
[PollExecuteTaskStatusExecution] 75cfa86a-be0d-4056-8678-6225aab05d4a [2026-05-13T05:19:30.840127] -----> Installing yarn 1.22.22 (STDOUT, STG)#
#2026 05 13 05:19:59.504#Z#DEBUG#372295c2-4e8b-11f1-ae6e-eeee0a826f07.InventoryManagement-db-deployer#flowable-async-job-executor-thread-50200#
[PollExecuteTaskStatusExecution] 75cfa86a-be0d-4056-8678-6225aab05d4a [2026-05-13T05:19:30.840400] Copy [/tmp/buildpacks/978cee5ec9c58000/dependencies/e3a39aedd1236924d69cc2d0637a8ed2/yarn_1.22.22_linux_noarch_any-stack_4911d0a6.tgz] (STDOUT, STG)#
#2026 05 13 05:19:59.504#Z#DEBUG#372295c2-4e8b-11f1-ae6e-eeee0a826f07.InventoryManagement-db-deployer#flowable-async-job-executor-thread-50200#
[PollExecuteTaskStatusExecution] 75cfa86a-be0d-4056-8678-6225aab05d4a [2026-05-13T05:19:31.230960] Installed yarn 1.22.22 (STDOUT, STG)#
#2026 05 13 05:19:59.504#Z#DEBUG#372295c2-4e8b-11f1-ae6e-eeee0a826f07.InventoryManagement-db-deployer#flowable-async-job-executor-thread-50200#
[PollExecuteTaskStatusExecution] 75cfa86a-be0d-4056-8678-6225aab05d4a [2026-05-13T05:19:31.230999] -----> Creating runtime environment (STDOUT, STG)#
#2026 05 13 05:19:59.504#Z#DEBUG#372295c2-4e8b-11f1-ae6e-eeee0a826f07.InventoryManagement-db-deployer#flowable-async-job-executor-thread-50200#
[PollExecuteTaskStatusExecution] 75cfa86a-be0d-4056-8678-6225aab05d4a [2026-05-13T05:19:31.233664] NODE_ENV=production (STDOUT, STG)#
#2026 05 13 05:19:59.504#Z#DEBUG#372295c2-4e8b-11f1-ae6e-eeee0a826f07.InventoryManagement-db-deployer#flowable-async-job-executor-thread-50200#
[PollExecuteTaskStatusExecution] 75cfa86a-be0d-4056-8678-6225aab05d4a [2026-05-13T05:19:31.233681] NODE_HOME=/tmp/contents1032615033/deps/0/node (STDOUT, STG)#
#2026 05 13 05:19:59.504#Z#DEBUG#372295c2-4e8b-11f1-ae6e-eeee0a826f07.InventoryManagement-db-deployer#flowable-async-job-executor-thread-50200#
[PollExecuteTaskStatusExecution] 75cfa86a-be0d-4056-8678-6225aab05d4a [2026-05-13T05:19:31.233684] NODE_MODULES_CACHE=true (STDOUT, STG)#
#2026 05 13 05:19:59.504#Z#DEBUG#372295c2-4e8b-11f1-ae6e-eeee0a826f07.InventoryManagement-db-deployer#flowable-async-job-executor-thread-50200#
[PollExecuteTaskStatusExecution] 75cfa86a-be0d-4056-8678-6225aab05d4a [2026-05-13T05:19:31.233701] NODE_VERBOSE=false (STDOUT, STG)#
#2026 05 13 05:19:59.504#Z#DEBUG#372295c2-4e8b-11f1-ae6e-eeee0a826f07.InventoryManagement-db-deployer#flowable-async-job-executor-thread-50200#
[PollExecuteTaskStatusExecution] 75cfa86a-be0d-4056-8678-6225aab05d4a [2026-05-13T05:19:31.233794] NPM_CONFIG_LOGLEVEL=error (STDOUT, STG)#
#2026 05 13 05:19:59.504#Z#DEBUG#372295c2-4e8b-11f1-ae6e-eeee0a826f07.InventoryManagement-db-deployer#flowable-async-job-executor-thread-50200#
[PollExecuteTaskStatusExecution] 75cfa86a-be0d-4056-8678-6225aab05d4a [2026-05-13T05:19:31.233881] NPM_CONFIG_PRODUCTION=true (STDOUT, STG)#
#2026 05 13 05:19:59.504#Z#DEBUG#372295c2-4e8b-11f1-ae6e-eeee0a826f07.InventoryManagement-db-deployer#flowable-async-job-executor-thread-50200#
[PollExecuteTaskStatusExecution] 75cfa86a-be0d-4056-8678-6225aab05d4a [2026-05-13T05:19:31.233968] -----> Building dependencies (STDOUT, STG)#
#2026 05 13 05:19:59.504#Z#DEBUG#372295c2-4e8b-11f1-ae6e-eeee0a826f07.InventoryManagement-db-deployer#flowable-async-job-executor-thread-50200#
[PollExecuteTaskStatusExecution] 75cfa86a-be0d-4056-8678-6225aab05d4a [2026-05-13T05:19:31.234013] Prebuild detected (node_modules already exists) (STDOUT, STG)#
#2026 05 13 05:19:59.504#Z#DEBUG#372295c2-4e8b-11f1-ae6e-eeee0a826f07.InventoryManagement-db-deployer#flowable-async-job-executor-thread-50200#
[PollExecuteTaskStatusExecution] 75cfa86a-be0d-4056-8678-6225aab05d4a [2026-05-13T05:19:31.234110] Rebuilding any native modules (STDOUT, STG)#
#2026 05 13 05:19:59.504#Z#DEBUG#372295c2-4e8b-11f1-ae6e-eeee0a826f07.InventoryManagement-db-deployer#flowable-async-job-executor-thread-50200#
[PollExecuteTaskStatusExecution] 75cfa86a-be0d-4056-8678-6225aab05d4a [2026-05-13T05:19:31.824097] rebuilt dependencies successfully (STDOUT, STG)#
#2026 05 13 05:19:59.504#Z#DEBUG#372295c2-4e8b-11f1-ae6e-eeee0a826f07.InventoryManagement-db-deployer#flowable-async-job-executor-thread-50200#
[PollExecuteTaskStatusExecution] 75cfa86a-be0d-4056-8678-6225aab05d4a [2026-05-13T05:19:31.907118] Installing any new modules (package.json + package-lock.json) (STDOUT, STG)#
#2026 05 13 05:19:59.504#Z#DEBUG#372295c2-4e8b-11f1-ae6e-eeee0a826f07.InventoryManagement-db-deployer#flowable-async-job-executor-thread-50200#
[PollExecuteTaskStatusExecution] 75cfa86a-be0d-4056-8678-6225aab05d4a [2026-05-13T05:19:32.461569] up to date in 472ms (STDOUT, STG)#
#2026 05 13 05:19:59.504#Z#DEBUG#372295c2-4e8b-11f1-ae6e-eeee0a826f07.InventoryManagement-db-deployer#flowable-async-job-executor-thread-50200#
[PollExecuteTaskStatusExecution] 75cfa86a-be0d-4056-8678-6225aab05d4a [2026-05-13T05:19:32.462008] 4 packages are looking for funding (STDOUT, STG)#
#2026 05 13 05:19:59.504#Z#DEBUG#372295c2-4e8b-11f1-ae6e-eeee0a826f07.InventoryManagement-db-deployer#flowable-async-job-executor-thread-50200#
[PollExecuteTaskStatusExecution] 75cfa86a-be0d-4056-8678-6225aab05d4a [2026-05-13T05:19:32.462220] run `npm fund` for details (STDOUT, STG)#
#2026 05 13 05:19:59.504#Z#DEBUG#372295c2-4e8b-11f1-ae6e-eeee0a826f07.InventoryManagement-db-deployer#flowable-async-job-executor-thread-50200#
[PollExecuteTaskStatusExecution] 75cfa86a-be0d-4056-8678-6225aab05d4a [2026-05-13T05:19:33.008901] Contrast Security no credentials found. Will not write environment files. (STDOUT, STG)#
#2026 05 13 05:19:59.504#Z#DEBUG#372295c2-4e8b-11f1-ae6e-eeee0a826f07.InventoryManagement-db-deployer#flowable-async-job-executor-thread-50200#
[PollExecuteTaskStatusExecution] 75cfa86a-be0d-4056-8678-6225aab05d4a [2026-05-13T05:19:42.186070] Exit status 0 (STDOUT, STG)#
#2026 05 13 05:19:59.504#Z#DEBUG#372295c2-4e8b-11f1-ae6e-eeee0a826f07.InventoryManagement-db-deployer#flowable-async-job-executor-thread-50200#
[PollExecuteTaskStatusExecution] 75cfa86a-be0d-4056-8678-6225aab05d4a [2026-05-13T05:19:42.186145] Uploading droplet, build artifacts cache... (STDOUT, STG)#
#2026 05 13 05:19:59.504#Z#DEBUG#372295c2-4e8b-11f1-ae6e-eeee0a826f07.InventoryManagement-db-deployer#flowable-async-job-executor-thread-50200#
[PollExecuteTaskStatusExecution] 75cfa86a-be0d-4056-8678-6225aab05d4a [2026-05-13T05:19:42.186189] Uploading droplet... (STDOUT, STG)#
#2026 05 13 05:19:59.504#Z#DEBUG#372295c2-4e8b-11f1-ae6e-eeee0a826f07.InventoryManagement-db-deployer#flowable-async-job-executor-thread-50200#
[PollExecuteTaskStatusExecution] 75cfa86a-be0d-4056-8678-6225aab05d4a [2026-05-13T05:19:42.186281] Uploading build artifacts cache... (STDOUT, STG)#
#2026 05 13 05:19:59.504#Z#DEBUG#372295c2-4e8b-11f1-ae6e-eeee0a826f07.InventoryManagement-db-deployer#flowable-async-job-executor-thread-50200#
[PollExecuteTaskStatusExecution] 75cfa86a-be0d-4056-8678-6225aab05d4a [2026-05-13T05:19:42.211015] Uploaded build artifacts cache (228B) (STDOUT, STG)#
#2026 05 13 05:19:59.504#Z#DEBUG#372295c2-4e8b-11f1-ae6e-eeee0a826f07.InventoryManagement-db-deployer#flowable-async-job-executor-thread-50200#
[PollExecuteTaskStatusExecution] 75cfa86a-be0d-4056-8678-6225aab05d4a [2026-05-13T05:19:43.041298] Creating droplet for app with guid 75cfa86a-be0d-4056-8678-6225aab05d4a (STDOUT, API)#
#2026 05 13 05:19:59.504#Z#DEBUG#372295c2-4e8b-11f1-ae6e-eeee0a826f07.InventoryManagement-db-deployer#flowable-async-job-executor-thread-50200#
[PollExecuteTaskStatusExecution] 75cfa86a-be0d-4056-8678-6225aab05d4a [2026-05-13T05:19:47.107891] Uploaded droplet (58.4M) (STDOUT, STG)#
#2026 05 13 05:19:59.504#Z#DEBUG#372295c2-4e8b-11f1-ae6e-eeee0a826f07.InventoryManagement-db-deployer#flowable-async-job-executor-thread-50200#
[PollExecuteTaskStatusExecution] 75cfa86a-be0d-4056-8678-6225aab05d4a [2026-05-13T05:19:47.129141] Uploading complete (STDOUT, STG)#
#2026 05 13 05:19:59.504#Z#DEBUG#372295c2-4e8b-11f1-ae6e-eeee0a826f07.InventoryManagement-db-deployer#flowable-async-job-executor-thread-50200#
[PollExecuteTaskStatusExecution] 75cfa86a-be0d-4056-8678-6225aab05d4a [2026-05-13T05:19:48.650237] Cell 684caff8-89cd-492b-be01-b3d0835f1763 stopping instance 099e5c8d-1b70-41f0-a128-4ad637b8def7 (STDOUT, STG)#
#2026 05 13 05:19:59.504#Z#DEBUG#372295c2-4e8b-11f1-ae6e-eeee0a826f07.InventoryManagement-db-deployer#flowable-async-job-executor-thread-50200#
[PollExecuteTaskStatusExecution] 75cfa86a-be0d-4056-8678-6225aab05d4a [2026-05-13T05:19:48.650270] Cell 684caff8-89cd-492b-be01-b3d0835f1763 destroying container for instance 099e5c8d-1b70-41f0-a128-4ad637b8def7 (STDOUT, STG)#
#2026 05 13 05:19:59.504#Z#DEBUG#372295c2-4e8b-11f1-ae6e-eeee0a826f07.InventoryManagement-db-deployer#flowable-async-job-executor-thread-50200#
[PollExecuteTaskStatusExecution] 75cfa86a-be0d-4056-8678-6225aab05d4a [2026-05-13T05:19:48.697488] Staging complete for build 099e5c8d-1b70-41f0-a128-4ad637b8def7 (STDOUT, API)#
#2026 05 13 05:19:59.504#Z#DEBUG#372295c2-4e8b-11f1-ae6e-eeee0a826f07.InventoryManagement-db-deployer#flowable-async-job-executor-thread-50200#
[PollExecuteTaskStatusExecution] 75cfa86a-be0d-4056-8678-6225aab05d4a [2026-05-13T05:19:49.529458] Updated app with guid 75cfa86a-be0d-4056-8678-6225aab05d4a ({:droplet_guid=>"49c9788d-3df7-4033-a627-26f4aaf7933e"}) (STDOUT, API)#
#2026 05 13 05:19:59.504#Z#DEBUG#372295c2-4e8b-11f1-ae6e-eeee0a826f07.InventoryManagement-db-deployer#flowable-async-job-executor-thread-50200#
[PollExecuteTaskStatusExecution] 75cfa86a-be0d-4056-8678-6225aab05d4a [2026-05-13T05:19:50.103148] Cell c839c7b1-088e-41af-b9b7-66256aacd457 creating container for instance d36c60fd-61d1-44f5-979f-8a1af6ed330d (STDOUT, CELL)#
#2026 05 13 05:19:59.504#Z#DEBUG#372295c2-4e8b-11f1-ae6e-eeee0a826f07.InventoryManagement-db-deployer#flowable-async-job-executor-thread-50200#
[PollExecuteTaskStatusExecution] 75cfa86a-be0d-4056-8678-6225aab05d4a [2026-05-13T05:19:52.068128] Security group rules were updated (STDOUT, CELL)#
#2026 05 13 05:19:59.504#Z#DEBUG#372295c2-4e8b-11f1-ae6e-eeee0a826f07.InventoryManagement-db-deployer#flowable-async-job-executor-thread-50200#
[PollExecuteTaskStatusExecution] 75cfa86a-be0d-4056-8678-6225aab05d4a [2026-05-13T05:19:52.175667] Cell c839c7b1-088e-41af-b9b7-66256aacd457 successfully created container for instance d36c60fd-61d1-44f5-979f-8a1af6ed330d (STDOUT, CELL)#
#2026 05 13 05:19:59.504#Z#DEBUG#372295c2-4e8b-11f1-ae6e-eeee0a826f07.InventoryManagement-db-deployer#flowable-async-job-executor-thread-50200#
[PollExecuteTaskStatusExecution] 75cfa86a-be0d-4056-8678-6225aab05d4a [2026-05-13T05:19:52.267615] Cell 684caff8-89cd-492b-be01-b3d0835f1763 successfully destroyed container for instance 099e5c8d-1b70-41f0-a128-4ad637b8def7 (STDOUT, STG)#
#2026 05 13 05:19:59.504#Z#DEBUG#372295c2-4e8b-11f1-ae6e-eeee0a826f07.InventoryManagement-db-deployer#flowable-async-job-executor-thread-50200#
[PollExecuteTaskStatusExecution] 75cfa86a-be0d-4056-8678-6225aab05d4a [2026-05-13T05:19:58.760705] Invoking pre-start scripts. (STDOUT, APP/TASK/deploy)#
#2026 05 13 05:19:59.504#Z#DEBUG#372295c2-4e8b-11f1-ae6e-eeee0a826f07.InventoryManagement-db-deployer#flowable-async-job-executor-thread-50200#
[PollExecuteTaskStatusExecution] 75cfa86a-be0d-4056-8678-6225aab05d4a [2026-05-13T05:19:58.952607] Invoking start command. (STDOUT, APP/TASK/deploy)#
#2026 05 13 05:20:09.517#Z#DEBUG#372295c2-4e8b-11f1-ae6e-eeee0a826f07.InventoryManagement-db-deployer#flowable-async-job-executor-thread-50210#
[PollExecuteTaskStatusExecution] 75cfa86a-be0d-4056-8678-6225aab05d4a [2026-05-13T05:19:59.462714] > start (STDOUT, APP/TASK/deploy)#
#2026 05 13 05:20:09.517#Z#DEBUG#372295c2-4e8b-11f1-ae6e-eeee0a826f07.InventoryManagement-db-deployer#flowable-async-job-executor-thread-50210#
[PollExecuteTaskStatusExecution] 75cfa86a-be0d-4056-8678-6225aab05d4a [2026-05-13T05:19:59.462739] > node node_modules/@sap/hdi-deploy/deploy.js --use-hdb --parameter com.sap.hana.di.table/try_fast_table_migration=true (STDOUT, APP/TASK/deploy)#
#2026 05 13 05:20:09.517#Z#DEBUG#372295c2-4e8b-11f1-ae6e-eeee0a826f07.InventoryManagement-db-deployer#flowable-async-job-executor-thread-50210#
[PollExecuteTaskStatusExecution] 75cfa86a-be0d-4056-8678-6225aab05d4a [2026-05-13T05:19:59.625293] VCAP_SERVICES: (STDOUT, APP/TASK/deploy)#
#2026 05 13 05:20:09.517#Z#DEBUG#372295c2-4e8b-11f1-ae6e-eeee0a826f07.InventoryManagement-db-deployer#flowable-async-job-executor-thread-50210#
[PollExecuteTaskStatusExecution] 75cfa86a-be0d-4056-8678-6225aab05d4a [2026-05-13T05:19:59.625403] { (STDOUT, APP/TASK/deploy)#
#2026 05 13 05:20:09.517#Z#DEBUG#372295c2-4e8b-11f1-ae6e-eeee0a826f07.InventoryManagement-db-deployer#flowable-async-job-executor-thread-50210#
[PollExecuteTaskStatusExecution] 75cfa86a-be0d-4056-8678-6225aab05d4a [2026-05-13T05:19:59.625430] "hana": [ (STDOUT, APP/TASK/deploy)#
#2026 05 13 05:20:09.517#Z#DEBUG#372295c2-4e8b-11f1-ae6e-eeee0a826f07.InventoryManagement-db-deployer#flowable-async-job-executor-thread-50210#
[PollExecuteTaskStatusExecution] 75cfa86a-be0d-4056-8678-6225aab05d4a [2026-05-13T05:19:59.625433] { (STDOUT, APP/TASK/deploy)#
#2026 05 13 05:20:09.517#Z#DEBUG#372295c2-4e8b-11f1-ae6e-eeee0a826f07.InventoryManagement-db-deployer#flowable-async-job-executor-thread-50210#
[PollExecuteTaskStatusExecution] 75cfa86a-be0d-4056-8678-6225aab05d4a [2026-05-13T05:19:59.625437] "name": "InventoryManagement-db", (STDOUT, APP/TASK/deploy)#
#2026 05 13 05:20:09.517#Z#DEBUG#372295c2-4e8b-11f1-ae6e-eeee0a826f07.InventoryManagement-db-deployer#flowable-async-job-executor-thread-50210#
[PollExecuteTaskStatusExecution] 75cfa86a-be0d-4056-8678-6225aab05d4a [2026-05-13T05:19:59.625440] "label": "hana", (STDOUT, APP/TASK/deploy)#
#2026 05 13 05:20:09.517#Z#DEBUG#372295c2-4e8b-11f1-ae6e-eeee0a826f07.InventoryManagement-db-deployer#flowable-async-job-executor-thread-50210#
[PollExecuteTaskStatusExecution] 75cfa86a-be0d-4056-8678-6225aab05d4a [2026-05-13T05:19:59.625452] "plan": "hdi-shared", (STDOUT, APP/TASK/deploy)#
#2026 05 13 05:20:09.517#Z#DEBUG#372295c2-4e8b-11f1-ae6e-eeee0a826f07.InventoryManagement-db-deployer#flowable-async-job-executor-thread-50210#
[PollExecuteTaskStatusExecution] 75cfa86a-be0d-4056-8678-6225aab05d4a [2026-05-13T05:19:59.625454] "credentials": { (STDOUT, APP/TASK/deploy)#
#2026 05 13 05:20:09.517#Z#DEBUG#372295c2-4e8b-11f1-ae6e-eeee0a826f07.InventoryManagement-db-deployer#flowable-async-job-executor-thread-50210#
[PollExecuteTaskStatusExecution] 75cfa86a-be0d-4056-8678-6225aab05d4a [2026-05-13T05:19:59.625458] "schema": "INVENTORYMANAGEMENT_HDI_INVENTORYMANAGEMENT_DB_DEPLOYER_1", (STDOUT, APP/TASK/deploy)#
#2026 05 13 05:20:09.517#Z#DEBUG#372295c2-4e8b-11f1-ae6e-eeee0a826f07.InventoryManagement-db-deployer#flowable-async-job-executor-thread-50210#
[PollExecuteTaskStatusExecution] 75cfa86a-be0d-4056-8678-6225aab05d4a [2026-05-13T05:19:59.625461] "database_id": "f26cac56-6d3d-42d8-8871-0b1ef29ad036", (STDOUT, APP/TASK/deploy)#
#2026 05 13 05:20:09.517#Z#DEBUG#372295c2-4e8b-11f1-ae6e-eeee0a826f07.InventoryManagement-db-deployer#flowable-async-job-executor-thread-50210#
[PollExecuteTaskStatusExecution] 75cfa86a-be0d-4056-8678-6225aab05d4a [2026-05-13T05:19:59.625464] "user": "INVENTORYMANAGEMENT_HDI_INVENTORYMANAGEMENT_DB_DEPLOYER_1_AHC5XD7OVL0S5DMCRCKEBVD68_RT", (STDOUT, APP/TASK/deploy)#
#2026 05 13 05:20:09.517#Z#DEBUG#372295c2-4e8b-11f1-ae6e-eeee0a826f07.InventoryManagement-db-deployer#flowable-async-job-executor-thread-50210#
[PollExecuteTaskStatusExecution] 75cfa86a-be0d-4056-8678-6225aab05d4a [2026-05-13T05:19:59.625470] "hdi_user": "INVENTORYMANAGEMENT_HDI_INVENTORYMANAGEMENT_DB_DEPLOYER_1_AHC5XD7OVL0S5DMCRCKEBVD68_DT" (STDOUT, APP/TASK/deploy)#
#2026 05 13 05:20:09.517#Z#DEBUG#372295c2-4e8b-11f1-ae6e-eeee0a826f07.InventoryManagement-db-deployer#flowable-async-job-executor-thread-50210#
[PollExecuteTaskStatusExecution] 75cfa86a-be0d-4056-8678-6225aab05d4a [2026-05-13T05:19:59.625472] }, (STDOUT, APP/TASK/deploy)#
#2026 05 13 05:20:09.517#Z#DEBUG#372295c2-4e8b-11f1-ae6e-eeee0a826f07.InventoryManagement-db-deployer#flowable-async-job-executor-thread-50210#
[PollExecuteTaskStatusExecution] 75cfa86a-be0d-4056-8678-6225aab05d4a [2026-05-13T05:19:59.625474] "tags": [ (STDOUT, APP/TASK/deploy)#
#2026 05 13 05:20:09.517#Z#DEBUG#372295c2-4e8b-11f1-ae6e-eeee0a826f07.InventoryManagement-db-deployer#flowable-async-job-executor-thread-50210#
[PollExecuteTaskStatusExecution] 75cfa86a-be0d-4056-8678-6225aab05d4a [2026-05-13T05:19:59.625476] "hana", (STDOUT, APP/TASK/deploy)#
#2026 05 13 05:20:09.517#Z#DEBUG#372295c2-4e8b-11f1-ae6e-eeee0a826f07.InventoryManagement-db-deployer#flowable-async-job-executor-thread-50210#
[PollExecuteTaskStatusExecution] 75cfa86a-be0d-4056-8678-6225aab05d4a [2026-05-13T05:19:59.625482] "database", (STDOUT, APP/TASK/deploy)#
#2026 05 13 05:20:09.517#Z#DEBUG#372295c2-4e8b-11f1-ae6e-eeee0a826f07.InventoryManagement-db-deployer#flowable-async-job-executor-thread-50210#
[PollExecuteTaskStatusExecution] 75cfa86a-be0d-4056-8678-6225aab05d4a [2026-05-13T05:19:59.625484] "relational" (STDOUT, APP/TASK/deploy)#
#2026 05 13 05:20:09.517#Z#DEBUG#372295c2-4e8b-11f1-ae6e-eeee0a826f07.InventoryManagement-db-deployer#flowable-async-job-executor-thread-50210#
[PollExecuteTaskStatusExecution] 75cfa86a-be0d-4056-8678-6225aab05d4a [2026-05-13T05:19:59.625486] ] (STDOUT, APP/TASK/deploy)#
#2026 05 13 05:20:09.517#Z#DEBUG#372295c2-4e8b-11f1-ae6e-eeee0a826f07.InventoryManagement-db-deployer#flowable-async-job-executor-thread-50210#
[PollExecuteTaskStatusExecution] 75cfa86a-be0d-4056-8678-6225aab05d4a [2026-05-13T05:19:59.625489] } (STDOUT, APP/TASK/deploy)#
#2026 05 13 05:20:09.517#Z#DEBUG#372295c2-4e8b-11f1-ae6e-eeee0a826f07.InventoryManagement-db-deployer#flowable-async-job-executor-thread-50210#
[PollExecuteTaskStatusExecution] 75cfa86a-be0d-4056-8678-6225aab05d4a [2026-05-13T05:19:59.625491] ] (STDOUT, APP/TASK/deploy)#
#2026 05 13 05:20:09.517#Z#DEBUG#372295c2-4e8b-11f1-ae6e-eeee0a826f07.InventoryManagement-db-deployer#flowable-async-job-executor-thread-50210#
[PollExecuteTaskStatusExecution] 75cfa86a-be0d-4056-8678-6225aab05d4a [2026-05-13T05:19:59.625494] } (STDOUT, APP/TASK/deploy)#
#2026 05 13 05:20:09.517#Z#DEBUG#372295c2-4e8b-11f1-ae6e-eeee0a826f07.InventoryManagement-db-deployer#flowable-async-job-executor-thread-50210#
[PollExecuteTaskStatusExecution] 75cfa86a-be0d-4056-8678-6225aab05d4a [2026-05-13T05:20:00.054542] @sap/hdi-deploy, version 5.6.1 (mode default), server version 4.00.000.00.1777375411 (4.0.0.0), cloud version 2026.2.12, node version 24.13.0, HDI version 1016, container API version 1007 (STDOUT, APP/TASK/deploy)#
#2026 05 13 05:20:09.517#Z#DEBUG#372295c2-4e8b-11f1-ae6e-eeee0a826f07.InventoryManagement-db-deployer#flowable-async-job-executor-thread-50210#
[PollExecuteTaskStatusExecution] 75cfa86a-be0d-4056-8678-6225aab05d4a [2026-05-13T05:20:00.054921] Deployment started at 2026-05-13 05:20:00 (STDOUT, APP/TASK/deploy)#
#2026 05 13 05:20:09.517#Z#DEBUG#372295c2-4e8b-11f1-ae6e-eeee0a826f07.InventoryManagement-db-deployer#flowable-async-job-executor-thread-50210#
[PollExecuteTaskStatusExecution] 75cfa86a-be0d-4056-8678-6225aab05d4a [2026-05-13T05:20:00.055326] Using hdb@2.27.1 for connection (STDOUT, APP/TASK/deploy)#
#2026 05 13 05:20:09.517#Z#DEBUG#372295c2-4e8b-11f1-ae6e-eeee0a826f07.InventoryManagement-db-deployer#flowable-async-job-executor-thread-50210#
[PollExecuteTaskStatusExecution] 75cfa86a-be0d-4056-8678-6225aab05d4a [2026-05-13T05:20:00.077439] No ignore file at /home/vcap/app/.hdiignore. (STDOUT, APP/TASK/deploy)#
#2026 05 13 05:20:09.517#Z#DEBUG#372295c2-4e8b-11f1-ae6e-eeee0a826f07.InventoryManagement-db-deployer#flowable-async-job-executor-thread-50210#
[PollExecuteTaskStatusExecution] 75cfa86a-be0d-4056-8678-6225aab05d4a [2026-05-13T05:20:00.077805] Collecting files... (STDOUT, APP/TASK/deploy)#
#2026 05 13 05:20:09.517#Z#DEBUG#372295c2-4e8b-11f1-ae6e-eeee0a826f07.InventoryManagement-db-deployer#flowable-async-job-executor-thread-50210#
[PollExecuteTaskStatusExecution] 75cfa86a-be0d-4056-8678-6225aab05d4a [2026-05-13T05:20:00.081698] Collecting files... ok (0s 4ms) (STDOUT, APP/TASK/deploy)#
#2026 05 13 05:20:09.517#Z#DEBUG#372295c2-4e8b-11f1-ae6e-eeee0a826f07.InventoryManagement-db-deployer#flowable-async-job-executor-thread-50210#
[PollExecuteTaskStatusExecution] 75cfa86a-be0d-4056-8678-6225aab05d4a [2026-05-13T05:20:00.081863] 2 directories collected (STDOUT, APP/TASK/deploy)#
#2026 05 13 05:20:09.517#Z#DEBUG#372295c2-4e8b-11f1-ae6e-eeee0a826f07.InventoryManagement-db-deployer#flowable-async-job-executor-thread-50210#
[PollExecuteTaskStatusExecution] 75cfa86a-be0d-4056-8678-6225aab05d4a [2026-05-13T05:20:00.082028] 8 files collected (STDOUT, APP/TASK/deploy)#
#2026 05 13 05:20:09.517#Z#DEBUG#372295c2-4e8b-11f1-ae6e-eeee0a826f07.InventoryManagement-db-deployer#flowable-async-job-executor-thread-50210#
[PollExecuteTaskStatusExecution] 75cfa86a-be0d-4056-8678-6225aab05d4a [2026-05-13T05:20:00.082167] 0 reusable modules collected (STDOUT, APP/TASK/deploy)#
#2026 05 13 05:20:09.517#Z#DEBUG#372295c2-4e8b-11f1-ae6e-eeee0a826f07.InventoryManagement-db-deployer#flowable-async-job-executor-thread-50210#
[PollExecuteTaskStatusExecution] 75cfa86a-be0d-4056-8678-6225aab05d4a [2026-05-13T05:20:00.082335] Target service: InventoryManagement-db (STDOUT, APP/TASK/deploy)#
#2026 05 13 05:20:09.517#Z#DEBUG#372295c2-4e8b-11f1-ae6e-eeee0a826f07.InventoryManagement-db-deployer#flowable-async-job-executor-thread-50210#
[PollExecuteTaskStatusExecution] 75cfa86a-be0d-4056-8678-6225aab05d4a [2026-05-13T05:20:00.274936] Previous build with request ID 701 finished at 2026-05-13T04:52:11.928 with status Rolled back and message: Starting make in the container "INVENTORYMANAGEMENT_HDI_INVENTORYMANAGEMENT_DB_DEPLOYER_1" with 0 files to deploy, 0 files to undeploy... ok. (STDOUT, APP/TASK/deploy)#
#2026 05 13 05:20:09.517#Z#DEBUG#372295c2-4e8b-11f1-ae6e-eeee0a826f07.InventoryManagement-db-deployer#flowable-async-job-executor-thread-50210#
[PollExecuteTaskStatusExecution] 75cfa86a-be0d-4056-8678-6225aab05d4a [2026-05-13T05:20:00.275144] Processing revoke files... (STDOUT, APP/TASK/deploy)#
#2026 05 13 05:20:09.517#Z#DEBUG#372295c2-4e8b-11f1-ae6e-eeee0a826f07.InventoryManagement-db-deployer#flowable-async-job-executor-thread-50210#
[PollExecuteTaskStatusExecution] 75cfa86a-be0d-4056-8678-6225aab05d4a [2026-05-13T05:20:00.275306] Processing revoke files... ok (0s 0ms) (STDOUT, APP/TASK/deploy)#
#2026 05 13 05:20:09.517#Z#DEBUG#372295c2-4e8b-11f1-ae6e-eeee0a826f07.InventoryManagement-db-deployer#flowable-async-job-executor-thread-50210#
[PollExecuteTaskStatusExecution] 75cfa86a-be0d-4056-8678-6225aab05d4a [2026-05-13T05:20:00.275528] Processing grants files... (STDOUT, APP/TASK/deploy)#
#2026 05 13 05:20:09.517#Z#DEBUG#372295c2-4e8b-11f1-ae6e-eeee0a826f07.InventoryManagement-db-deployer#flowable-async-job-executor-thread-50210#
[PollExecuteTaskStatusExecution] 75cfa86a-be0d-4056-8678-6225aab05d4a [2026-05-13T05:20:00.275673] Processing grants files... ok (0s 0ms) (STDOUT, APP/TASK/deploy)#
#2026 05 13 05:20:09.517#Z#DEBUG#372295c2-4e8b-11f1-ae6e-eeee0a826f07.InventoryManagement-db-deployer#flowable-async-job-executor-thread-50210#
[PollExecuteTaskStatusExecution] 75cfa86a-be0d-4056-8678-6225aab05d4a [2026-05-13T05:20:00.278516] Preprocessing files... (STDOUT, APP/TASK/deploy)#
#2026 05 13 05:20:09.517#Z#DEBUG#372295c2-4e8b-11f1-ae6e-eeee0a826f07.InventoryManagement-db-deployer#flowable-async-job-executor-thread-50210#
[PollExecuteTaskStatusExecution] 75cfa86a-be0d-4056-8678-6225aab05d4a [2026-05-13T05:20:00.278848] Preprocessing files... ok (0s 0ms) (STDOUT, APP/TASK/deploy)#
#2026 05 13 05:20:09.517#Z#DEBUG#372295c2-4e8b-11f1-ae6e-eeee0a826f07.InventoryManagement-db-deployer#flowable-async-job-executor-thread-50210#
[PollExecuteTaskStatusExecution] 75cfa86a-be0d-4056-8678-6225aab05d4a [2026-05-13T05:20:00.278974] Connecting to the container "INVENTORYMANAGEMENT_HDI_INVENTORYMANAGEMENT_DB_DEPLOYER_1"... (STDOUT, APP/TASK/deploy)#
#2026 05 13 05:20:09.517#Z#DEBUG#372295c2-4e8b-11f1-ae6e-eeee0a826f07.InventoryManagement-db-deployer#flowable-async-job-executor-thread-50210#
[PollExecuteTaskStatusExecution] 75cfa86a-be0d-4056-8678-6225aab05d4a [2026-05-13T05:20:00.351572] Connecting to the container "INVENTORYMANAGEMENT_HDI_INVENTORYMANAGEMENT_DB_DEPLOYER_1"... ok (0s 73ms) (STDOUT, APP/TASK/deploy)#
#2026 05 13 05:20:09.517#Z#DEBUG#372295c2-4e8b-11f1-ae6e-eeee0a826f07.InventoryManagement-db-deployer#flowable-async-job-executor-thread-50210#
[PollExecuteTaskStatusExecution] 75cfa86a-be0d-4056-8678-6225aab05d4a [2026-05-13T05:20:00.351604] Locking the container "INVENTORYMANAGEMENT_HDI_INVENTORYMANAGEMENT_DB_DEPLOYER_1"... (STDOUT, APP/TASK/deploy)#
#2026 05 13 05:20:09.517#Z#DEBUG#372295c2-4e8b-11f1-ae6e-eeee0a826f07.InventoryManagement-db-deployer#flowable-async-job-executor-thread-50210#
[PollExecuteTaskStatusExecution] 75cfa86a-be0d-4056-8678-6225aab05d4a [2026-05-13T05:20:00.533858] Locking the container "INVENTORYMANAGEMENT_HDI_INVENTORYMANAGEMENT_DB_DEPLOYER_1"... ok (0s 182ms) (STDOUT, APP/TASK/deploy)#
#2026 05 13 05:20:09.517#Z#DEBUG#372295c2-4e8b-11f1-ae6e-eeee0a826f07.InventoryManagement-db-deployer#flowable-async-job-executor-thread-50210#
[PollExecuteTaskStatusExecution] 75cfa86a-be0d-4056-8678-6225aab05d4a [2026-05-13T05:20:00.533884] Synchronizing files with the container "INVENTORYMANAGEMENT_HDI_INVENTORYMANAGEMENT_DB_DEPLOYER_1"... (STDOUT, APP/TASK/deploy)#
#2026 05 13 05:20:09.517#Z#DEBUG#372295c2-4e8b-11f1-ae6e-eeee0a826f07.InventoryManagement-db-deployer#flowable-async-job-executor-thread-50210#
[PollExecuteTaskStatusExecution] 75cfa86a-be0d-4056-8678-6225aab05d4a [2026-05-13T05:20:00.831362] Deleting files... (STDOUT, APP/TASK/deploy)#
#2026 05 13 05:20:09.517#Z#DEBUG#372295c2-4e8b-11f1-ae6e-eeee0a826f07.InventoryManagement-db-deployer#flowable-async-job-executor-thread-50210#
[PollExecuteTaskStatusExecution] 75cfa86a-be0d-4056-8678-6225aab05d4a [2026-05-13T05:20:01.000661] Deleting files... ok (STDOUT, APP/TASK/deploy)#
#2026 05 13 05:20:09.517#Z#DEBUG#372295c2-4e8b-11f1-ae6e-eeee0a826f07.InventoryManagement-db-deployer#flowable-async-job-executor-thread-50210#
[PollExecuteTaskStatusExecution] 75cfa86a-be0d-4056-8678-6225aab05d4a [2026-05-13T05:20:01.000829] Writing files... (STDOUT, APP/TASK/deploy)#
#2026 05 13 05:20:09.517#Z#DEBUG#372295c2-4e8b-11f1-ae6e-eeee0a826f07.InventoryManagement-db-deployer#flowable-async-job-executor-thread-50210#
[PollExecuteTaskStatusExecution] 75cfa86a-be0d-4056-8678-6225aab05d4a [2026-05-13T05:20:01.000975] Writing 2 items (STDOUT, APP/TASK/deploy)#
#2026 05 13 05:20:09.517#Z#DEBUG#372295c2-4e8b-11f1-ae6e-eeee0a826f07.InventoryManagement-db-deployer#flowable-async-job-executor-thread-50210#
[PollExecuteTaskStatusExecution] 75cfa86a-be0d-4056-8678-6225aab05d4a [2026-05-13T05:20:01.241362] Writing files... ok (STDOUT, APP/TASK/deploy)#
#2026 05 13 05:20:09.517#Z#DEBUG#372295c2-4e8b-11f1-ae6e-eeee0a826f07.InventoryManagement-db-deployer#flowable-async-job-executor-thread-50210#
[PollExecuteTaskStatusExecution] 75cfa86a-be0d-4056-8678-6225aab05d4a [2026-05-13T05:20:01.241394] Synchronizing files with the container "INVENTORYMANAGEMENT_HDI_INVENTORYMANAGEMENT_DB_DEPLOYER_1"... ok (0s 707ms) (STDOUT, APP/TASK/deploy)#
#2026 05 13 05:20:09.517#Z#DEBUG#372295c2-4e8b-11f1-ae6e-eeee0a826f07.InventoryManagement-db-deployer#flowable-async-job-executor-thread-50210#
[PollExecuteTaskStatusExecution] 75cfa86a-be0d-4056-8678-6225aab05d4a [2026-05-13T05:20:01.241621] added files: [] (STDOUT, APP/TASK/deploy)#
#2026 05 13 05:20:09.517#Z#DEBUG#372295c2-4e8b-11f1-ae6e-eeee0a826f07.InventoryManagement-db-deployer#flowable-async-job-executor-thread-50210#
[PollExecuteTaskStatusExecution] 75cfa86a-be0d-4056-8678-6225aab05d4a [2026-05-13T05:20:01.241639] modified files: [] (STDOUT, APP/TASK/deploy)#
#2026 05 13 05:20:09.517#Z#DEBUG#372295c2-4e8b-11f1-ae6e-eeee0a826f07.InventoryManagement-db-deployer#flowable-async-job-executor-thread-50210#
[PollExecuteTaskStatusExecution] 75cfa86a-be0d-4056-8678-6225aab05d4a [2026-05-13T05:20:01.241642] deleted files: [] (STDOUT, APP/TASK/deploy)#
#2026 05 13 05:20:09.517#Z#DEBUG#372295c2-4e8b-11f1-ae6e-eeee0a826f07.InventoryManagement-db-deployer#flowable-async-job-executor-thread-50210#
[PollExecuteTaskStatusExecution] 75cfa86a-be0d-4056-8678-6225aab05d4a [2026-05-13T05:20:01.241759] 0 modified or added files are scheduled for deploy based on delta detection (STDOUT, APP/TASK/deploy)#
#2026 05 13 05:20:09.517#Z#DEBUG#372295c2-4e8b-11f1-ae6e-eeee0a826f07.InventoryManagement-db-deployer#flowable-async-job-executor-thread-50210#
[PollExecuteTaskStatusExecution] 75cfa86a-be0d-4056-8678-6225aab05d4a [2026-05-13T05:20:01.241935] 0 deleted files are scheduled for undeploy based on delta detection (filtered by undeploy allowlist) (STDOUT, APP/TASK/deploy)#
#2026 05 13 05:20:09.517#Z#DEBUG#372295c2-4e8b-11f1-ae6e-eeee0a826f07.InventoryManagement-db-deployer#flowable-async-job-executor-thread-50210#
[PollExecuteTaskStatusExecution] 75cfa86a-be0d-4056-8678-6225aab05d4a [2026-05-13T05:20:01.241984] 0 files are scheduled for deploy based on explicit specification (STDOUT, APP/TASK/deploy)#
#2026 05 13 05:20:09.517#Z#DEBUG#372295c2-4e8b-11f1-ae6e-eeee0a826f07.InventoryManagement-db-deployer#flowable-async-job-executor-thread-50210#
[PollExecuteTaskStatusExecution] 75cfa86a-be0d-4056-8678-6225aab05d4a [2026-05-13T05:20:01.241991] 0 files are scheduled for undeploy based on explicit specification (STDOUT, APP/TASK/deploy)#
#2026 05 13 05:20:09.517#Z#DEBUG#372295c2-4e8b-11f1-ae6e-eeee0a826f07.InventoryManagement-db-deployer#flowable-async-job-executor-thread-50210#
[PollExecuteTaskStatusExecution] 75cfa86a-be0d-4056-8678-6225aab05d4a [2026-05-13T05:20:01.242058] Deploying to the container "INVENTORYMANAGEMENT_HDI_INVENTORYMANAGEMENT_DB_DEPLOYER_1"... (STDOUT, APP/TASK/deploy)#
#2026 05 13 05:20:09.517#Z#DEBUG#372295c2-4e8b-11f1-ae6e-eeee0a826f07.InventoryManagement-db-deployer#flowable-async-job-executor-thread-50210#
[PollExecuteTaskStatusExecution] 75cfa86a-be0d-4056-8678-6225aab05d4a [2026-05-13T05:20:01.810199] Starting make in the container "INVENTORYMANAGEMENT_HDI_INVENTORYMANAGEMENT_DB_DEPLOYER_1" with 0 files to deploy, 0 files to undeploy... (STDOUT, APP/TASK/deploy)#
#2026 05 13 05:20:09.517#Z#DEBUG#372295c2-4e8b-11f1-ae6e-eeee0a826f07.InventoryManagement-db-deployer#flowable-async-job-executor-thread-50210#
[PollExecuteTaskStatusExecution] 75cfa86a-be0d-4056-8678-6225aab05d4a [2026-05-13T05:20:01.810233] Disabling table replication for the container schema "INVENTORYMANAGEMENT_HDI_INVENTORYMANAGEMENT_DB_DEPLOYER_1"... (STDOUT, APP/TASK/deploy)#
#2026 05 13 05:20:09.517#Z#DEBUG#372295c2-4e8b-11f1-ae6e-eeee0a826f07.InventoryManagement-db-deployer#flowable-async-job-executor-thread-50210#
[PollExecuteTaskStatusExecution] 75cfa86a-be0d-4056-8678-6225aab05d4a [2026-05-13T05:20:01.810238] Disabling table replication for the container schema "INVENTORYMANAGEMENT_HDI_INVENTORYMANAGEMENT_DB_DEPLOYER_1"... ok (0s 20ms) (STDOUT, APP/TASK/deploy)#
#2026 05 13 05:20:09.517#Z#DEBUG#372295c2-4e8b-11f1-ae6e-eeee0a826f07.InventoryManagement-db-deployer#flowable-async-job-executor-thread-50210#
[PollExecuteTaskStatusExecution] 75cfa86a-be0d-4056-8678-6225aab05d4a [2026-05-13T05:20:01.810246] Migrating libraries... (STDOUT, APP/TASK/deploy)#
#2026 05 13 05:20:09.517#Z#DEBUG#372295c2-4e8b-11f1-ae6e-eeee0a826f07.InventoryManagement-db-deployer#flowable-async-job-executor-thread-50210#
[PollExecuteTaskStatusExecution] 75cfa86a-be0d-4056-8678-6225aab05d4a [2026-05-13T05:20:01.810250] Migrating libraries... ok (0s 29ms) (STDOUT, APP/TASK/deploy)#
#2026 05 13 05:20:09.517#Z#DEBUG#372295c2-4e8b-11f1-ae6e-eeee0a826f07.InventoryManagement-db-deployer#flowable-async-job-executor-thread-50210#
[PollExecuteTaskStatusExecution] 75cfa86a-be0d-4056-8678-6225aab05d4a [2026-05-13T05:20:01.810256] Making... (STDOUT, APP/TASK/deploy)#
#2026 05 13 05:20:09.517#Z#DEBUG#372295c2-4e8b-11f1-ae6e-eeee0a826f07.InventoryManagement-db-deployer#flowable-async-job-executor-thread-50210#
[PollExecuteTaskStatusExecution] 75cfa86a-be0d-4056-8678-6225aab05d4a [2026-05-13T05:20:01.810260] Preparing... (STDOUT, APP/TASK/deploy)#
#2026 05 13 05:20:09.517#Z#DEBUG#372295c2-4e8b-11f1-ae6e-eeee0a826f07.InventoryManagement-db-deployer#flowable-async-job-executor-thread-50210#
[PollExecuteTaskStatusExecution] 75cfa86a-be0d-4056-8678-6225aab05d4a [2026-05-13T05:20:01.810265] Preparing... ok (0s 0ms) (STDOUT, APP/TASK/deploy)#
#2026 05 13 05:20:09.517#Z#DEBUG#372295c2-4e8b-11f1-ae6e-eeee0a826f07.InventoryManagement-db-deployer#flowable-async-job-executor-thread-50210#
[PollExecuteTaskStatusExecution] 75cfa86a-be0d-4056-8678-6225aab05d4a [2026-05-13T05:20:01.810271] Preparing the make transaction... (STDOUT, APP/TASK/deploy)#
#2026 05 13 05:20:09.517#Z#DEBUG#372295c2-4e8b-11f1-ae6e-eeee0a826f07.InventoryManagement-db-deployer#flowable-async-job-executor-thread-50210#
[PollExecuteTaskStatusExecution] 75cfa86a-be0d-4056-8678-6225aab05d4a [2026-05-13T05:20:01.810293] Preparing the make transaction... ok (0s 29ms) (STDOUT, APP/TASK/deploy)#
#2026 05 13 05:20:09.517#Z#DEBUG#372295c2-4e8b-11f1-ae6e-eeee0a826f07.InventoryManagement-db-deployer#flowable-async-job-executor-thread-50210#
[PollExecuteTaskStatusExecution] 75cfa86a-be0d-4056-8678-6225aab05d4a [2026-05-13T05:20:01.810296] Calculating dependencies... (STDOUT, APP/TASK/deploy)#
#2026 05 13 05:20:09.517#Z#DEBUG#372295c2-4e8b-11f1-ae6e-eeee0a826f07.InventoryManagement-db-deployer#flowable-async-job-executor-thread-50210#
[PollExecuteTaskStatusExecution] 75cfa86a-be0d-4056-8678-6225aab05d4a [2026-05-13T05:20:01.810579] Expanding... (STDOUT, APP/TASK/deploy)#
#2026 05 13 05:20:09.517#Z#DEBUG#372295c2-4e8b-11f1-ae6e-eeee0a826f07.InventoryManagement-db-deployer#flowable-async-job-executor-thread-50210#
[PollExecuteTaskStatusExecution] 75cfa86a-be0d-4056-8678-6225aab05d4a [2026-05-13T05:20:01.810595] Expanding... ok (0s 17ms) (STDOUT, APP/TASK/deploy)#
#2026 05 13 05:20:09.517#Z#DEBUG#372295c2-4e8b-11f1-ae6e-eeee0a826f07.InventoryManagement-db-deployer#flowable-async-job-executor-thread-50210#
[PollExecuteTaskStatusExecution] 75cfa86a-be0d-4056-8678-6225aab05d4a [2026-05-13T05:20:01.810613] Precompiling... (STDOUT, APP/TASK/deploy)#
#2026 05 13 05:20:09.517#Z#DEBUG#372295c2-4e8b-11f1-ae6e-eeee0a826f07.InventoryManagement-db-deployer#flowable-async-job-executor-thread-50210#
[PollExecuteTaskStatusExecution] 75cfa86a-be0d-4056-8678-6225aab05d4a [2026-05-13T05:20:01.810616] Precompiling... ok (0s 0ms) (STDOUT, APP/TASK/deploy)#
#2026 05 13 05:20:09.517#Z#DEBUG#372295c2-4e8b-11f1-ae6e-eeee0a826f07.InventoryManagement-db-deployer#flowable-async-job-executor-thread-50210#
[PollExecuteTaskStatusExecution] 75cfa86a-be0d-4056-8678-6225aab05d4a [2026-05-13T05:20:01.810620] Merging... (STDOUT, APP/TASK/deploy)#
#2026 05 13 05:20:09.517#Z#DEBUG#372295c2-4e8b-11f1-ae6e-eeee0a826f07.InventoryManagement-db-deployer#flowable-async-job-executor-thread-50210#
[PollExecuteTaskStatusExecution] 75cfa86a-be0d-4056-8678-6225aab05d4a [2026-05-13T05:20:01.810755] Merging... ok (0s 0ms) (STDOUT, APP/TASK/deploy)#
#2026 05 13 05:20:09.517#Z#DEBUG#372295c2-4e8b-11f1-ae6e-eeee0a826f07.InventoryManagement-db-deployer#flowable-async-job-executor-thread-50210#
[PollExecuteTaskStatusExecution] 75cfa86a-be0d-4056-8678-6225aab05d4a [2026-05-13T05:20:01.810762] Calculating dependencies... ok (0s 17ms) (STDOUT, APP/TASK/deploy)#
#2026 05 13 05:20:09.517#Z#DEBUG#372295c2-4e8b-11f1-ae6e-eeee0a826f07.InventoryManagement-db-deployer#flowable-async-job-executor-thread-50210#
[PollExecuteTaskStatusExecution] 75cfa86a-be0d-4056-8678-6225aab05d4a [2026-05-13T05:20:01.810766] No make necessary (STDOUT, APP/TASK/deploy)#
#2026 05 13 05:20:09.517#Z#DEBUG#372295c2-4e8b-11f1-ae6e-eeee0a826f07.InventoryManagement-db-deployer#flowable-async-job-executor-thread-50210#
[PollExecuteTaskStatusExecution] 75cfa86a-be0d-4056-8678-6225aab05d4a [2026-05-13T05:20:01.810769] Making... ok (0s 109ms) (STDOUT, APP/TASK/deploy)#
#2026 05 13 05:20:09.517#Z#DEBUG#372295c2-4e8b-11f1-ae6e-eeee0a826f07.InventoryManagement-db-deployer#flowable-async-job-executor-thread-50210#
[PollExecuteTaskStatusExecution] 75cfa86a-be0d-4056-8678-6225aab05d4a [2026-05-13T05:20:01.810772] Enabling table replication for the container schema "INVENTORYMANAGEMENT_HDI_INVENTORYMANAGEMENT_DB_DEPLOYER_1"... (STDOUT, APP/TASK/deploy)#
#2026 05 13 05:20:09.517#Z#DEBUG#372295c2-4e8b-11f1-ae6e-eeee0a826f07.InventoryManagement-db-deployer#flowable-async-job-executor-thread-50210#
[PollExecuteTaskStatusExecution] 75cfa86a-be0d-4056-8678-6225aab05d4a [2026-05-13T05:20:01.810775] Enabling table replication for the container schema "INVENTORYMANAGEMENT_HDI_INVENTORYMANAGEMENT_DB_DEPLOYER_1"... ok (0s 20ms) (STDOUT, APP/TASK/deploy)#
#2026 05 13 05:20:09.517#Z#DEBUG#372295c2-4e8b-11f1-ae6e-eeee0a826f07.InventoryManagement-db-deployer#flowable-async-job-executor-thread-50210#
[PollExecuteTaskStatusExecution] 75cfa86a-be0d-4056-8678-6225aab05d4a [2026-05-13T05:20:01.810780] Starting make in the container "INVENTORYMANAGEMENT_HDI_INVENTORYMANAGEMENT_DB_DEPLOYER_1" with 0 files to deploy, 0 files to undeploy... ok (0s 191ms) (STDOUT, APP/TASK/deploy)#
#2026 05 13 05:20:09.517#Z#DEBUG#372295c2-4e8b-11f1-ae6e-eeee0a826f07.InventoryManagement-db-deployer#flowable-async-job-executor-thread-50210#
[PollExecuteTaskStatusExecution] 75cfa86a-be0d-4056-8678-6225aab05d4a [2026-05-13T05:20:01.811067] Deploying to the container "INVENTORYMANAGEMENT_HDI_INVENTORYMANAGEMENT_DB_DEPLOYER_1"... ok (0s 569ms) (STDOUT, APP/TASK/deploy)#
#2026 05 13 05:20:09.517#Z#DEBUG#372295c2-4e8b-11f1-ae6e-eeee0a826f07.InventoryManagement-db-deployer#flowable-async-job-executor-thread-50210#
[PollExecuteTaskStatusExecution] 75cfa86a-be0d-4056-8678-6225aab05d4a [2026-05-13T05:20:01.811357] No default-access-role handling needed; global role "INVENTORYMANAGEMENT_HDI_INVENTORYMANAGEMENT_DB_DEPLOYER_1::access_role" will not be adapted (STDOUT, APP/TASK/deploy)#
#2026 05 13 05:20:09.517#Z#DEBUG#372295c2-4e8b-11f1-ae6e-eeee0a826f07.InventoryManagement-db-deployer#flowable-async-job-executor-thread-50210#
[PollExecuteTaskStatusExecution] 75cfa86a-be0d-4056-8678-6225aab05d4a [2026-05-13T05:20:01.811466] Unlocking the container "INVENTORYMANAGEMENT_HDI_INVENTORYMANAGEMENT_DB_DEPLOYER_1"... (STDOUT, APP/TASK/deploy)#
#2026 05 13 05:20:09.517#Z#DEBUG#372295c2-4e8b-11f1-ae6e-eeee0a826f07.InventoryManagement-db-deployer#flowable-async-job-executor-thread-50210#
[PollExecuteTaskStatusExecution] 75cfa86a-be0d-4056-8678-6225aab05d4a [2026-05-13T05:20:01.811857] Unlocking the container "INVENTORYMANAGEMENT_HDI_INVENTORYMANAGEMENT_DB_DEPLOYER_1"... ok (0s 0ms) (STDOUT, APP/TASK/deploy)#
#2026 05 13 05:20:09.517#Z#DEBUG#372295c2-4e8b-11f1-ae6e-eeee0a826f07.InventoryManagement-db-deployer#flowable-async-job-executor-thread-50210#
[PollExecuteTaskStatusExecution] 75cfa86a-be0d-4056-8678-6225aab05d4a [2026-05-13T05:20:01.811967] Deployment to container INVENTORYMANAGEMENT_HDI_INVENTORYMANAGEMENT_DB_DEPLOYER_1 done [Deployment ID: none]. (STDOUT, APP/TASK/deploy)#
#2026 05 13 05:20:09.517#Z#DEBUG#372295c2-4e8b-11f1-ae6e-eeee0a826f07.InventoryManagement-db-deployer#flowable-async-job-executor-thread-50210#
[PollExecuteTaskStatusExecution] 75cfa86a-be0d-4056-8678-6225aab05d4a [2026-05-13T05:20:01.812548] Deployment ended at 2026-05-13 05:20:01 (STDOUT, APP/TASK/deploy)#
#2026 05 13 05:20:09.517#Z#DEBUG#372295c2-4e8b-11f1-ae6e-eeee0a826f07.InventoryManagement-db-deployer#flowable-async-job-executor-thread-50210#
[PollExecuteTaskStatusExecution] 75cfa86a-be0d-4056-8678-6225aab05d4a [2026-05-13T05:20:01.812896] (2s 307ms) (STDOUT, APP/TASK/deploy)#
#2026 05 13 05:20:09.517#Z#DEBUG#372295c2-4e8b-11f1-ae6e-eeee0a826f07.InventoryManagement-db-deployer#flowable-async-job-executor-thread-50210#
[PollExecuteTaskStatusExecution] 75cfa86a-be0d-4056-8678-6225aab05d4a [2026-05-13T05:20:01.828111] npm notice (STDERR, APP/TASK/deploy)#
#2026 05 13 05:20:09.517#Z#DEBUG#372295c2-4e8b-11f1-ae6e-eeee0a826f07.InventoryManagement-db-deployer#flowable-async-job-executor-thread-50210#
[PollExecuteTaskStatusExecution] 75cfa86a-be0d-4056-8678-6225aab05d4a [2026-05-13T05:20:01.828139] npm notice New minor version of npm available! 11.6.2 -> 11.14.1 (STDERR, APP/TASK/deploy)#
#2026 05 13 05:20:09.517#Z#DEBUG#372295c2-4e8b-11f1-ae6e-eeee0a826f07.InventoryManagement-db-deployer#flowable-async-job-executor-thread-50210#
[PollExecuteTaskStatusExecution] 75cfa86a-be0d-4056-8678-6225aab05d4a [2026-05-13T05:20:01.828144] npm notice Changelog: https://github.com/npm/cli/releases/tag/v11.14.1 (STDERR, APP/TASK/deploy)#
#2026 05 13 05:20:09.517#Z#DEBUG#372295c2-4e8b-11f1-ae6e-eeee0a826f07.InventoryManagement-db-deployer#flowable-async-job-executor-thread-50210#
[PollExecuteTaskStatusExecution] 75cfa86a-be0d-4056-8678-6225aab05d4a [2026-05-13T05:20:01.828147] npm notice To update run: npm install -g npm@11.14.1 (STDERR, APP/TASK/deploy)#
#2026 05 13 05:20:09.517#Z#DEBUG#372295c2-4e8b-11f1-ae6e-eeee0a826f07.InventoryManagement-db-deployer#flowable-async-job-executor-thread-50210#
[PollExecuteTaskStatusExecution] 75cfa86a-be0d-4056-8678-6225aab05d4a [2026-05-13T05:20:01.828150] npm notice (STDERR, APP/TASK/deploy)#
#2026 05 13 05:20:09.517#Z#DEBUG#372295c2-4e8b-11f1-ae6e-eeee0a826f07.InventoryManagement-db-deployer#flowable-async-job-executor-thread-50210#
[PollExecuteTaskStatusExecution] 75cfa86a-be0d-4056-8678-6225aab05d4a [2026-05-13T05:20:01.900114] Exit status 0 (STDOUT, APP/TASK/deploy)#
#2026 05 13 05:20:09.517#Z#DEBUG#372295c2-4e8b-11f1-ae6e-eeee0a826f07.InventoryManagement-db-deployer#flowable-async-job-executor-thread-50210#
[PollExecuteTaskStatusExecution] 75cfa86a-be0d-4056-8678-6225aab05d4a [2026-05-13T05:20:02.356250] Cell c839c7b1-088e-41af-b9b7-66256aacd457 stopping instance d36c60fd-61d1-44f5-979f-8a1af6ed330d (STDOUT, CELL)#
#2026 05 13 05:20:09.517#Z#DEBUG#372295c2-4e8b-11f1-ae6e-eeee0a826f07.InventoryManagement-db-deployer#flowable-async-job-executor-thread-50210#
[PollExecuteTaskStatusExecution] 75cfa86a-be0d-4056-8678-6225aab05d4a [2026-05-13T05:20:02.356301] Cell c839c7b1-088e-41af-b9b7-66256aacd457 destroying container for instance d36c60fd-61d1-44f5-979f-8a1af6ed330d (STDOUT, CELL)#
#2026 05 13 05:20:09.517#Z#DEBUG#372295c2-4e8b-11f1-ae6e-eeee0a826f07.InventoryManagement-db-deployer#flowable-async-job-executor-thread-50210#
[PollExecuteTaskStatusExecution] 75cfa86a-be0d-4056-8678-6225aab05d4a [2026-05-13T05:20:04.681282] Cell c839c7b1-088e-41af-b9b7-66256aacd457 successfully destroyed container for instance d36c60fd-61d1-44f5-979f-8a1af6ed330d (STDOUT, CELL)#
